<?xml version="1.0" encoding="UTF-8"?>
<coverage generated="1698713112543" clover="3.2.0">
  <project timestamp="1698713112543" name="All files">
    <metrics statements="30" coveredstatements="30" conditionals="2" coveredconditionals="2" methods="14" coveredmethods="14" elements="46" coveredelements="46" complexity="0" loc="30" ncloc="30" packages="3" files="7" classes="7"/>
    <package name="src">
      <metrics statements="1" coveredstatements="1" conditionals="0" coveredconditionals="0" methods="1" coveredmethods="1"/>
      <file name="App.jsx" path="/Users/andreacabrera/proyecto5/DEV009-movie-challenge-fw-new/vite-project/src/App.jsx">
        <metrics statements="1" coveredstatements="1" conditionals="0" coveredconditionals="0" methods="1" coveredmethods="1"/>
        <line num="6" count="2" type="stmt"/>
      </file>
    </package>
    <package name="src.components">
      <metrics statements="28" coveredstatements="28" conditionals="2" coveredconditionals="2" methods="13" coveredmethods="13"/>
      <file name="Header.jsx" path="/Users/andreacabrera/proyecto5/DEV009-movie-challenge-fw-new/vite-project/src/components/Header.jsx">
        <metrics statements="2" coveredstatements="2" conditionals="0" coveredconditionals="0" methods="1" coveredmethods="1"/>
        <line num="5" count="2" type="stmt"/>
        <line num="7" count="7" type="stmt"/>
      </file>
      <file name="Movies.jsx" path="/Users/andreacabrera/proyecto5/DEV009-movie-challenge-fw-new/vite-project/src/components/Movies.jsx">
        <metrics statements="12" coveredstatements="12" conditionals="0" coveredconditionals="0" methods="6" coveredmethods="6"/>
        <line num="8" count="2" type="stmt"/>
        <line num="9" count="2" type="stmt"/>
        <line num="11" count="2" type="stmt"/>
        <line num="12" count="1" type="stmt"/>
        <line num="14" count="1" type="stmt"/>
        <line num="15" count="1" type="stmt"/>
        <line num="16" count="1" type="stmt"/>
        <line num="17" count="1" type="stmt"/>
        <line num="21" count="2" type="stmt"/>
        <line num="22" count="1" type="stmt"/>
        <line num="25" count="2" type="stmt"/>
        <line num="29" count="1" type="stmt"/>
      </file>
      <file name="MoviesCard.jsx" path="/Users/andreacabrera/proyecto5/DEV009-movie-challenge-fw-new/vite-project/src/components/MoviesCard.jsx">
        <metrics statements="4" coveredstatements="4" conditionals="0" coveredconditionals="0" methods="2" coveredmethods="2"/>
        <line num="4" count="2" type="stmt"/>
        <line num="5" count="4" type="stmt"/>
        <line num="8" count="2" type="stmt"/>
        <line num="10" count="4" type="stmt"/>
      </file>
      <file name="Order.jsx" path="/Users/andreacabrera/proyecto5/DEV009-movie-challenge-fw-new/vite-project/src/components/Order.jsx">
        <metrics statements="2" coveredstatements="2" conditionals="0" coveredconditionals="0" methods="1" coveredmethods="1"/>
        <line num="4" count="2" type="stmt"/>
        <line num="6" count="7" type="stmt"/>
      </file>
      <file name="Pagination.jsx" path="/Users/andreacabrera/proyecto5/DEV009-movie-challenge-fw-new/vite-project/src/components/Pagination.jsx">
        <metrics statements="8" coveredstatements="8" conditionals="2" coveredconditionals="2" methods="3" coveredmethods="3"/>
        <line num="4" count="2" type="stmt"/>
        <line num="6" count="6" type="stmt"/>
        <line num="7" count="2" type="cond" truecount="2" falsecount="0"/>
        <line num="8" count="1" type="stmt"/>
        <line num="10" count="1" type="stmt"/>
        <line num="14" count="6" type="stmt"/>
        <line num="15" count="1" type="stmt"/>
        <line num="18" count="6" type="stmt"/>
      </file>
    </package>
    <package name="src.mocks">
      <metrics statements="1" coveredstatements="1" conditionals="0" coveredconditionals="0" methods="0" coveredmethods="0"/>
      <file name="file-mock.cjs" path="/Users/andreacabrera/proyecto5/DEV009-movie-challenge-fw-new/vite-project/src/mocks/file-mock.cjs">
        <metrics statements="1" coveredstatements="1" conditionals="0" coveredconditionals="0" methods="0" coveredmethods="0"/>
        <line num="1" count="4" type="stmt"/>
      </file>
    </package>
  </project>
</coverage>
