{"/Users/andreacabrera/proyecto5/DEV009-movie-challenge-fw-new/vite-project/src/App.jsx": {"path":"/Users/andreacabrera/proyecto5/DEV009-movie-challenge-fw-new/vite-project/src/App.jsx","statementMap":{"0":{"start":{"line":8,"column":38},"end":{"line":8,"column":50}},"1":{"start":{"line":9,"column":26},"end":{"line":9,"column":37}},"2":{"start":{"line":10,"column":30},"end":{"line":10,"column":57}},"3":{"start":{"line":11,"column":34},"end":{"line":11,"column":53}},"4":{"start":{"line":13,"column":20},"end":{"line":20,"column":3}},"5":{"start":{"line":14,"column":19},"end":{"line":14,"column":53}},"6":{"start":{"line":16,"column":16},"end":{"line":16,"column":250}},"7":{"start":{"line":17,"column":4},"end":{"line":19,"column":46}},"8":{"start":{"line":18,"column":17},"end":{"line":18,"column":27}},"9":{"start":{"line":19,"column":18},"end":{"line":19,"column":45}},"10":{"start":{"line":22,"column":27},"end":{"line":24,"column":1}},"11":{"start":{"line":23,"column":2},"end":{"line":23,"column":32}},"12":{"start":{"line":26,"column":29},"end":{"line":28,"column":1}},"13":{"start":{"line":27,"column":2},"end":{"line":27,"column":34}},"14":{"start":{"line":30,"column":0},"end":{"line":32,"column":28}},"15":{"start":{"line":31,"column":4},"end":{"line":31,"column":38}},"16":{"start":{"line":34,"column":17},"end":{"line":34,"column":28}},"17":{"start":{"line":36,"column":27},"end":{"line":48,"column":3}},"18":{"start":{"line":37,"column":16},"end":{"line":37,"column":58}},"19":{"start":{"line":38,"column":20},"end":{"line":44,"column":5}},"20":{"start":{"line":45,"column":4},"end":{"line":47,"column":36}},"21":{"start":{"line":46,"column":17},"end":{"line":46,"column":27}},"22":{"start":{"line":47,"column":18},"end":{"line":47,"column":35}},"23":{"start":{"line":50,"column":2},"end":{"line":52,"column":10}},"24":{"start":{"line":51,"column":4},"end":{"line":51,"column":25}},"25":{"start":{"line":54,"column":2},"end":{"line":60,"column":3}}},"fnMap":{"0":{"name":"App","decl":{"start":{"line":7,"column":9},"end":{"line":7,"column":12}},"loc":{"start":{"line":7,"column":15},"end":{"line":61,"column":1}},"line":7},"1":{"name":"(anonymous_1)","decl":{"start":{"line":13,"column":20},"end":{"line":13,"column":21}},"loc":{"start":{"line":13,"column":48},"end":{"line":20,"column":3}},"line":13},"2":{"name":"(anonymous_2)","decl":{"start":{"line":18,"column":10},"end":{"line":18,"column":11}},"loc":{"start":{"line":18,"column":17},"end":{"line":18,"column":27}},"line":18},"3":{"name":"(anonymous_3)","decl":{"start":{"line":19,"column":10},"end":{"line":19,"column":11}},"loc":{"start":{"line":19,"column":18},"end":{"line":19,"column":45}},"line":19},"4":{"name":"(anonymous_4)","decl":{"start":{"line":22,"column":27},"end":{"line":22,"column":28}},"loc":{"start":{"line":22,"column":38},"end":{"line":24,"column":1}},"line":22},"5":{"name":"(anonymous_5)","decl":{"start":{"line":26,"column":29},"end":{"line":26,"column":30}},"loc":{"start":{"line":26,"column":40},"end":{"line":28,"column":1}},"line":26},"6":{"name":"(anonymous_6)","decl":{"start":{"line":30,"column":10},"end":{"line":30,"column":11}},"loc":{"start":{"line":30,"column":16},"end":{"line":32,"column":1}},"line":30},"7":{"name":"(anonymous_7)","decl":{"start":{"line":36,"column":27},"end":{"line":36,"column":28}},"loc":{"start":{"line":36,"column":35},"end":{"line":48,"column":3}},"line":36},"8":{"name":"(anonymous_8)","decl":{"start":{"line":46,"column":10},"end":{"line":46,"column":11}},"loc":{"start":{"line":46,"column":17},"end":{"line":46,"column":27}},"line":46},"9":{"name":"(anonymous_9)","decl":{"start":{"line":47,"column":10},"end":{"line":47,"column":11}},"loc":{"start":{"line":47,"column":18},"end":{"line":47,"column":35}},"line":47},"10":{"name":"(anonymous_10)","decl":{"start":{"line":50,"column":12},"end":{"line":50,"column":13}},"loc":{"start":{"line":50,"column":18},"end":{"line":52,"column":3}},"line":50}},"branchMap":{},"s":{"0":7,"1":6,"2":6,"3":6,"4":6,"5":4,"6":4,"7":4,"8":4,"9":4,"10":6,"11":1,"12":6,"13":1,"14":6,"15":4,"16":6,"17":6,"18":3,"19":3,"20":3,"21":3,"22":3,"23":6,"24":3,"25":6},"f":{"0":7,"1":4,"2":4,"3":4,"4":1,"5":1,"6":4,"7":3,"8":3,"9":3,"10":3},"b":{},"_coverageSchema":"1a1c01bbd47fc00a2c39e90264f33305004495a9","hash":"917d384faa33ffb22139599fbbf0413c89dc8282"}
,"/Users/andreacabrera/proyecto5/DEV009-movie-challenge-fw-new/vite-project/src/components/Filter.jsx": {"path":"/Users/andreacabrera/proyecto5/DEV009-movie-challenge-fw-new/vite-project/src/components/Filter.jsx","statementMap":{"0":{"start":{"line":3,"column":15},"end":{"line":19,"column":1}},"1":{"start":{"line":5,"column":2},"end":{"line":18,"column":3}}},"fnMap":{"0":{"name":"(anonymous_0)","decl":{"start":{"line":3,"column":15},"end":{"line":3,"column":16}},"loc":{"start":{"line":3,"column":55},"end":{"line":19,"column":1}},"line":3}},"branchMap":{},"s":{"0":3,"1":11},"f":{"0":11},"b":{},"_coverageSchema":"1a1c01bbd47fc00a2c39e90264f33305004495a9","hash":"c8b1ffed468013fe0ef37e9866acd67be5a39332"}
,"/Users/andreacabrera/proyecto5/DEV009-movie-challenge-fw-new/vite-project/src/components/Header.jsx": {"path":"/Users/andreacabrera/proyecto5/DEV009-movie-challenge-fw-new/vite-project/src/components/Header.jsx","statementMap":{"0":{"start":{"line":6,"column":15},"end":{"line":20,"column":1}},"1":{"start":{"line":8,"column":4},"end":{"line":19,"column":5}}},"fnMap":{"0":{"name":"(anonymous_0)","decl":{"start":{"line":6,"column":15},"end":{"line":6,"column":16}},"loc":{"start":{"line":6,"column":99},"end":{"line":20,"column":1}},"line":6}},"branchMap":{},"s":{"0":2,"1":10},"f":{"0":10},"b":{},"_coverageSchema":"1a1c01bbd47fc00a2c39e90264f33305004495a9","hash":"78d11a3691b2ecec089f0f7adef04b7501700b3d"}
,"/Users/andreacabrera/proyecto5/DEV009-movie-challenge-fw-new/vite-project/src/components/Movies.jsx": {"path":"/Users/andreacabrera/proyecto5/DEV009-movie-challenge-fw-new/vite-project/src/components/Movies.jsx","statementMap":{"0":{"start":{"line":7,"column":1},"end":{"line":15,"column":3}},"1":{"start":{"line":11,"column":8},"end":{"line":11,"column":61}}},"fnMap":{"0":{"name":"Movies","decl":{"start":{"line":5,"column":9},"end":{"line":5,"column":15}},"loc":{"start":{"line":5,"column":32},"end":{"line":16,"column":1}},"line":5},"1":{"name":"(anonymous_1)","decl":{"start":{"line":10,"column":24},"end":{"line":10,"column":25}},"loc":{"start":{"line":11,"column":8},"end":{"line":11,"column":61}},"line":11}},"branchMap":{},"s":{"0":6,"1":2},"f":{"0":6,"1":2},"b":{},"_coverageSchema":"1a1c01bbd47fc00a2c39e90264f33305004495a9","hash":"d7d5d3511942c27a9f8e105cf1ecd798670b6c47"}
,"/Users/andreacabrera/proyecto5/DEV009-movie-challenge-fw-new/vite-project/src/components/MoviesCard.jsx": {"path":"/Users/andreacabrera/proyecto5/DEV009-movie-challenge-fw-new/vite-project/src/components/MoviesCard.jsx","statementMap":{"0":{"start":{"line":5,"column":24},"end":{"line":7,"column":1}},"1":{"start":{"line":6,"column":0},"end":{"line":6,"column":56}},"2":{"start":{"line":9,"column":19},"end":{"line":20,"column":2}},"3":{"start":{"line":11,"column":4},"end":{"line":20,"column":1}}},"fnMap":{"0":{"name":"(anonymous_0)","decl":{"start":{"line":5,"column":24},"end":{"line":5,"column":25}},"loc":{"start":{"line":5,"column":41},"end":{"line":7,"column":1}},"line":5},"1":{"name":"(anonymous_1)","decl":{"start":{"line":9,"column":19},"end":{"line":9,"column":20}},"loc":{"start":{"line":9,"column":62},"end":{"line":20,"column":2}},"line":9}},"branchMap":{},"s":{"0":2,"1":8,"2":2,"3":8},"f":{"0":8,"1":8},"b":{},"_coverageSchema":"1a1c01bbd47fc00a2c39e90264f33305004495a9","hash":"f6c745da09ae683be85838cb35f87e586b034964"}
,"/Users/andreacabrera/proyecto5/DEV009-movie-challenge-fw-new/vite-project/src/components/Order.jsx": {"path":"/Users/andreacabrera/proyecto5/DEV009-movie-challenge-fw-new/vite-project/src/components/Order.jsx","statementMap":{"0":{"start":{"line":4,"column":14},"end":{"line":17,"column":1}},"1":{"start":{"line":6,"column":2},"end":{"line":16,"column":3}}},"fnMap":{"0":{"name":"(anonymous_0)","decl":{"start":{"line":4,"column":14},"end":{"line":4,"column":15}},"loc":{"start":{"line":4,"column":51},"end":{"line":17,"column":1}},"line":4}},"branchMap":{},"s":{"0":3,"1":11},"f":{"0":11},"b":{},"_coverageSchema":"1a1c01bbd47fc00a2c39e90264f33305004495a9","hash":"0b5797481660e51509a76135868cf2e3bb9b6ba3"}
,"/Users/andreacabrera/proyecto5/DEV009-movie-challenge-fw-new/vite-project/src/components/Pagination.jsx": {"path":"/Users/andreacabrera/proyecto5/DEV009-movie-challenge-fw-new/vite-project/src/components/Pagination.jsx","statementMap":{"0":{"start":{"line":4,"column":19},"end":{"line":25,"column":1}},"1":{"start":{"line":6,"column":30},"end":{"line":12,"column":3}},"2":{"start":{"line":7,"column":4},"end":{"line":11,"column":5}},"3":{"start":{"line":8,"column":6},"end":{"line":8,"column":16}},"4":{"start":{"line":10,"column":6},"end":{"line":10,"column":21}},"5":{"start":{"line":14,"column":26},"end":{"line":16,"column":3}},"6":{"start":{"line":15,"column":4},"end":{"line":15,"column":19}},"7":{"start":{"line":18,"column":2},"end":{"line":24,"column":3}}},"fnMap":{"0":{"name":"(anonymous_0)","decl":{"start":{"line":4,"column":19},"end":{"line":4,"column":20}},"loc":{"start":{"line":4,"column":40},"end":{"line":25,"column":1}},"line":4},"1":{"name":"(anonymous_1)","decl":{"start":{"line":6,"column":30},"end":{"line":6,"column":31}},"loc":{"start":{"line":6,"column":36},"end":{"line":12,"column":3}},"line":6},"2":{"name":"(anonymous_2)","decl":{"start":{"line":14,"column":26},"end":{"line":14,"column":27}},"loc":{"start":{"line":14,"column":32},"end":{"line":16,"column":3}},"line":14}},"branchMap":{"0":{"loc":{"start":{"line":7,"column":4},"end":{"line":11,"column":5}},"type":"if","locations":[{"start":{"line":7,"column":4},"end":{"line":11,"column":5}},{"start":{"line":9,"column":10},"end":{"line":11,"column":5}}],"line":7}},"s":{"0":2,"1":10,"2":2,"3":1,"4":1,"5":10,"6":1,"7":10},"f":{"0":10,"1":2,"2":1},"b":{"0":[1,1]},"_coverageSchema":"1a1c01bbd47fc00a2c39e90264f33305004495a9","hash":"cecf7fc4ebb7ac81f18cb86399b038c58e35777a"}
,"/Users/andreacabrera/proyecto5/DEV009-movie-challenge-fw-new/vite-project/src/mocks/file-mock.cjs": {"path":"/Users/andreacabrera/proyecto5/DEV009-movie-challenge-fw-new/vite-project/src/mocks/file-mock.cjs","statementMap":{"0":{"start":{"line":1,"column":0},"end":{"line":1,"column":20}}},"fnMap":{},"branchMap":{},"s":{"0":5},"f":{},"b":{},"inputSourceMap":null,"_coverageSchema":"1a1c01bbd47fc00a2c39e90264f33305004495a9","hash":"57213a8e1bbe71792e34e6dae2ed8fcc67d95297"}
}
