{"/Users/andreacabrera/proyecto5/DEV009-movie-challenge-fw-new/vite-project/src/App.jsx": {"path":"/Users/andreacabrera/proyecto5/DEV009-movie-challenge-fw-new/vite-project/src/App.jsx","statementMap":{"0":{"start":{"line":7,"column":38},"end":{"line":7,"column":50}},"1":{"start":{"line":8,"column":26},"end":{"line":8,"column":37}},"2":{"start":{"line":9,"column":30},"end":{"line":9,"column":57}},"3":{"start":{"line":10,"column":34},"end":{"line":10,"column":53}},"4":{"start":{"line":12,"column":20},"end":{"line":19,"column":1}},"5":{"start":{"line":13,"column":19},"end":{"line":13,"column":53}},"6":{"start":{"line":15,"column":16},"end":{"line":15,"column":250}},"7":{"start":{"line":16,"column":4},"end":{"line":18,"column":46}},"8":{"start":{"line":17,"column":17},"end":{"line":17,"column":27}},"9":{"start":{"line":18,"column":18},"end":{"line":18,"column":45}},"10":{"start":{"line":21,"column":27},"end":{"line":24,"column":1}},"11":{"start":{"line":22,"column":2},"end":{"line":22,"column":21}},"12":{"start":{"line":23,"column":2},"end":{"line":23,"column":32}},"13":{"start":{"line":26,"column":29},"end":{"line":28,"column":1}},"14":{"start":{"line":27,"column":2},"end":{"line":27,"column":34}},"15":{"start":{"line":30,"column":0},"end":{"line":32,"column":28}},"16":{"start":{"line":31,"column":4},"end":{"line":31,"column":38}},"17":{"start":{"line":34,"column":2},"end":{"line":40,"column":3}}},"fnMap":{"0":{"name":"App","decl":{"start":{"line":6,"column":9},"end":{"line":6,"column":12}},"loc":{"start":{"line":6,"column":15},"end":{"line":41,"column":1}},"line":6},"1":{"name":"(anonymous_1)","decl":{"start":{"line":12,"column":20},"end":{"line":12,"column":21}},"loc":{"start":{"line":12,"column":38},"end":{"line":19,"column":1}},"line":12},"2":{"name":"(anonymous_2)","decl":{"start":{"line":17,"column":10},"end":{"line":17,"column":11}},"loc":{"start":{"line":17,"column":17},"end":{"line":17,"column":27}},"line":17},"3":{"name":"(anonymous_3)","decl":{"start":{"line":18,"column":10},"end":{"line":18,"column":11}},"loc":{"start":{"line":18,"column":18},"end":{"line":18,"column":45}},"line":18},"4":{"name":"(anonymous_4)","decl":{"start":{"line":21,"column":27},"end":{"line":21,"column":28}},"loc":{"start":{"line":21,"column":38},"end":{"line":24,"column":1}},"line":21},"5":{"name":"(anonymous_5)","decl":{"start":{"line":26,"column":29},"end":{"line":26,"column":30}},"loc":{"start":{"line":26,"column":40},"end":{"line":28,"column":1}},"line":26},"6":{"name":"(anonymous_6)","decl":{"start":{"line":30,"column":10},"end":{"line":30,"column":11}},"loc":{"start":{"line":30,"column":16},"end":{"line":32,"column":1}},"line":30}},"branchMap":{},"s":{"0":5,"1":4,"2":4,"3":4,"4":4,"5":0,"6":0,"7":0,"8":0,"9":0,"10":4,"11":0,"12":0,"13":4,"14":0,"15":4,"16":0,"17":4},"f":{"0":5,"1":0,"2":0,"3":0,"4":0,"5":0,"6":0},"b":{},"_coverageSchema":"1a1c01bbd47fc00a2c39e90264f33305004495a9","hash":"a8c78d06043ab27a9ce51e34e64ca17803b68958"}
,"/Users/andreacabrera/proyecto5/DEV009-movie-challenge-fw-new/vite-project/src/components/Filter.jsx": {"path":"/Users/andreacabrera/proyecto5/DEV009-movie-challenge-fw-new/vite-project/src/components/Filter.jsx","statementMap":{"0":{"start":{"line":3,"column":15},"end":{"line":19,"column":1}},"1":{"start":{"line":5,"column":2},"end":{"line":18,"column":3}}},"fnMap":{"0":{"name":"(anonymous_0)","decl":{"start":{"line":3,"column":15},"end":{"line":3,"column":16}},"loc":{"start":{"line":3,"column":55},"end":{"line":19,"column":1}},"line":3}},"branchMap":{},"s":{"0":2,"1":4},"f":{"0":4},"b":{},"_coverageSchema":"1a1c01bbd47fc00a2c39e90264f33305004495a9","hash":"c8b1ffed468013fe0ef37e9866acd67be5a39332"}
,"/Users/andreacabrera/proyecto5/DEV009-movie-challenge-fw-new/vite-project/src/components/Header.jsx": {"path":"/Users/andreacabrera/proyecto5/DEV009-movie-challenge-fw-new/vite-project/src/components/Header.jsx","statementMap":{"0":{"start":{"line":6,"column":15},"end":{"line":18,"column":1}},"1":{"start":{"line":8,"column":4},"end":{"line":17,"column":10}}},"fnMap":{"0":{"name":"(anonymous_0)","decl":{"start":{"line":6,"column":15},"end":{"line":6,"column":16}},"loc":{"start":{"line":6,"column":99},"end":{"line":18,"column":1}},"line":6}},"branchMap":{},"s":{"0":2,"1":4},"f":{"0":4},"b":{},"_coverageSchema":"1a1c01bbd47fc00a2c39e90264f33305004495a9","hash":"021c38b02f8d6e999614ecccc356b3b262313b25"}
,"/Users/andreacabrera/proyecto5/DEV009-movie-challenge-fw-new/vite-project/src/components/Movies.jsx": {"path":"/Users/andreacabrera/proyecto5/DEV009-movie-challenge-fw-new/vite-project/src/components/Movies.jsx","statementMap":{"0":{"start":{"line":6,"column":1},"end":{"line":14,"column":3}},"1":{"start":{"line":10,"column":8},"end":{"line":10,"column":44}}},"fnMap":{"0":{"name":"Movies","decl":{"start":{"line":4,"column":9},"end":{"line":4,"column":15}},"loc":{"start":{"line":4,"column":32},"end":{"line":15,"column":1}},"line":4},"1":{"name":"(anonymous_1)","decl":{"start":{"line":9,"column":24},"end":{"line":9,"column":25}},"loc":{"start":{"line":10,"column":8},"end":{"line":10,"column":44}},"line":10}},"branchMap":{},"s":{"0":0,"1":0},"f":{"0":0,"1":0},"b":{},"_coverageSchema":"1a1c01bbd47fc00a2c39e90264f33305004495a9","hash":"c59c6021c63560cfd71c3477cc7b520f94ba5fc0"}
,"/Users/andreacabrera/proyecto5/DEV009-movie-challenge-fw-new/vite-project/src/components/MoviesCard.jsx": {"path":"/Users/andreacabrera/proyecto5/DEV009-movie-challenge-fw-new/vite-project/src/components/MoviesCard.jsx","statementMap":{"0":{"start":{"line":4,"column":24},"end":{"line":6,"column":1}},"1":{"start":{"line":5,"column":0},"end":{"line":5,"column":56}},"2":{"start":{"line":8,"column":19},"end":{"line":17,"column":1}},"3":{"start":{"line":10,"column":4},"end":{"line":16,"column":10}}},"fnMap":{"0":{"name":"(anonymous_0)","decl":{"start":{"line":4,"column":24},"end":{"line":4,"column":25}},"loc":{"start":{"line":4,"column":41},"end":{"line":6,"column":1}},"line":4},"1":{"name":"(anonymous_1)","decl":{"start":{"line":8,"column":19},"end":{"line":8,"column":20}},"loc":{"start":{"line":8,"column":58},"end":{"line":17,"column":1}},"line":8}},"branchMap":{},"s":{"0":2,"1":3,"2":2,"3":3},"f":{"0":3,"1":3},"b":{},"_coverageSchema":"1a1c01bbd47fc00a2c39e90264f33305004495a9","hash":"aaff3f913e47c8fdb77abe79b9f9e8bd39555ced"}
,"/Users/andreacabrera/proyecto5/DEV009-movie-challenge-fw-new/vite-project/src/components/Order.jsx": {"path":"/Users/andreacabrera/proyecto5/DEV009-movie-challenge-fw-new/vite-project/src/components/Order.jsx","statementMap":{"0":{"start":{"line":4,"column":14},"end":{"line":17,"column":1}},"1":{"start":{"line":6,"column":2},"end":{"line":16,"column":3}}},"fnMap":{"0":{"name":"(anonymous_0)","decl":{"start":{"line":4,"column":14},"end":{"line":4,"column":15}},"loc":{"start":{"line":4,"column":51},"end":{"line":17,"column":1}},"line":4}},"branchMap":{},"s":{"0":2,"1":4},"f":{"0":4},"b":{},"_coverageSchema":"1a1c01bbd47fc00a2c39e90264f33305004495a9","hash":"0b5797481660e51509a76135868cf2e3bb9b6ba3"}
,"/Users/andreacabrera/proyecto5/DEV009-movie-challenge-fw-new/vite-project/src/components/Pagination.jsx": {"path":"/Users/andreacabrera/proyecto5/DEV009-movie-challenge-fw-new/vite-project/src/components/Pagination.jsx","statementMap":{"0":{"start":{"line":4,"column":19},"end":{"line":25,"column":1}},"1":{"start":{"line":6,"column":30},"end":{"line":12,"column":3}},"2":{"start":{"line":7,"column":4},"end":{"line":11,"column":5}},"3":{"start":{"line":8,"column":6},"end":{"line":8,"column":16}},"4":{"start":{"line":10,"column":6},"end":{"line":10,"column":21}},"5":{"start":{"line":14,"column":26},"end":{"line":16,"column":3}},"6":{"start":{"line":15,"column":4},"end":{"line":15,"column":19}},"7":{"start":{"line":18,"column":2},"end":{"line":24,"column":3}}},"fnMap":{"0":{"name":"(anonymous_0)","decl":{"start":{"line":4,"column":19},"end":{"line":4,"column":20}},"loc":{"start":{"line":4,"column":40},"end":{"line":25,"column":1}},"line":4},"1":{"name":"(anonymous_1)","decl":{"start":{"line":6,"column":30},"end":{"line":6,"column":31}},"loc":{"start":{"line":6,"column":36},"end":{"line":12,"column":3}},"line":6},"2":{"name":"(anonymous_2)","decl":{"start":{"line":14,"column":26},"end":{"line":14,"column":27}},"loc":{"start":{"line":14,"column":32},"end":{"line":16,"column":3}},"line":14}},"branchMap":{"0":{"loc":{"start":{"line":7,"column":4},"end":{"line":11,"column":5}},"type":"if","locations":[{"start":{"line":7,"column":4},"end":{"line":11,"column":5}},{"start":{"line":9,"column":10},"end":{"line":11,"column":5}}],"line":7}},"s":{"0":2,"1":4,"2":2,"3":1,"4":1,"5":4,"6":1,"7":4},"f":{"0":4,"1":2,"2":1},"b":{"0":[1,1]},"_coverageSchema":"1a1c01bbd47fc00a2c39e90264f33305004495a9","hash":"cecf7fc4ebb7ac81f18cb86399b038c58e35777a"}
,"/Users/andreacabrera/proyecto5/DEV009-movie-challenge-fw-new/vite-project/src/mocks/file-mock.cjs": {"path":"/Users/andreacabrera/proyecto5/DEV009-movie-challenge-fw-new/vite-project/src/mocks/file-mock.cjs","statementMap":{"0":{"start":{"line":1,"column":0},"end":{"line":1,"column":20}}},"fnMap":{},"branchMap":{},"s":{"0":4},"f":{},"b":{},"inputSourceMap":null,"_coverageSchema":"1a1c01bbd47fc00a2c39e90264f33305004495a9","hash":"57213a8e1bbe71792e34e6dae2ed8fcc67d95297"}
}
