TN:
SF:src/App.jsx
FN:6,App
FN:12,(anonymous_1)
FN:17,(anonymous_2)
FN:18,(anonymous_3)
FN:21,(anonymous_4)
FN:25,(anonymous_5)
FN:29,(anonymous_6)
FNF:7
FNH:7
FNDA:6,App
FNDA:4,(anonymous_1)
FNDA:4,(anonymous_2)
FNDA:4,(anonymous_3)
FNDA:1,(anonymous_4)
FNDA:1,(anonymous_5)
FNDA:4,(anonymous_6)
DA:7,6
DA:8,5
DA:9,5
DA:10,5
DA:12,5
DA:13,4
DA:15,4
DA:16,4
DA:17,4
DA:18,4
DA:21,5
DA:22,1
DA:25,5
DA:26,1
DA:29,5
DA:30,4
DA:34,5
LF:17
LH:17
BRF:0
BRH:0
end_of_record
TN:
SF:src/components/Filter.jsx
FN:3,(anonymous_0)
FNF:1
FNH:1
FNDA:6,(anonymous_0)
DA:3,4
DA:5,6
LF:2
LH:2
BRF:0
BRH:0
end_of_record
TN:
SF:src/components/Header.jsx
FN:6,(anonymous_0)
FNF:1
FNH:1
FNDA:13,(anonymous_0)
DA:6,3
DA:8,13
LF:2
LH:2
BRDA:16,0,0,13
BRDA:16,0,1,5
BRF:2
BRH:2
end_of_record
TN:
SF:src/components/MovieDetail.jsx
FN:6,(anonymous_0)
FN:10,(anonymous_1)
FN:15,(anonymous_2)
FN:25,(anonymous_3)
FN:26,(anonymous_4)
FN:33,(anonymous_5)
FN:51,(anonymous_6)
FNF:7
FNH:7
FNDA:2,(anonymous_0)
FNDA:4,(anonymous_1)
FNDA:3,(anonymous_2)
FNDA:3,(anonymous_3)
FNDA:3,(anonymous_4)
FNDA:3,(anonymous_5)
FNDA:1,(anonymous_6)
DA:6,1
DA:7,2
DA:10,1
DA:12,4
DA:13,4
DA:15,4
DA:16,3
DA:17,3
DA:24,3
DA:25,3
DA:27,3
DA:28,3
DA:33,4
DA:34,3
DA:37,4
DA:38,4
DA:51,1
LF:17
LH:17
BRDA:42,0,0,1
BRDA:42,0,1,3
BRF:2
BRH:2
end_of_record
TN:
SF:src/components/Movies.jsx
FN:5,Movies
FN:10,(anonymous_1)
FNF:2
FNH:2
FNDA:5,Movies
FNDA:1,(anonymous_1)
DA:7,5
DA:11,1
LF:2
LH:2
BRF:0
BRH:0
end_of_record
TN:
SF:src/components/MoviesCard.jsx
FN:5,(anonymous_0)
FN:9,(anonymous_1)
FNF:2
FNH:2
FNDA:5,(anonymous_0)
FNDA:5,(anonymous_1)
DA:5,2
DA:6,5
DA:9,2
DA:10,5
DA:13,5
LF:5
LH:5
BRDA:10,0,0,4
BRDA:10,0,1,1
BRF:2
BRH:2
end_of_record
TN:
SF:src/components/Order.jsx
FN:4,(anonymous_0)
FNF:1
FNH:1
FNDA:6,(anonymous_0)
DA:4,4
DA:6,6
LF:2
LH:2
BRF:0
BRH:0
end_of_record
TN:
SF:src/components/Pagination.jsx
FN:4,(anonymous_0)
FN:6,(anonymous_1)
FN:15,(anonymous_2)
FN:20,(anonymous_3)
FN:25,(anonymous_4)
FNF:5
FNH:5
FNDA:10,(anonymous_0)
FNDA:2,(anonymous_1)
FNDA:1,(anonymous_2)
FNDA:1,(anonymous_3)
FNDA:8,(anonymous_4)
DA:4,2
DA:6,10
DA:7,2
DA:8,1
DA:10,1
DA:11,1
DA:15,10
DA:16,1
DA:17,1
DA:20,10
DA:21,1
DA:22,1
DA:25,10
DA:26,8
DA:29,10
LF:15
LH:15
BRDA:7,0,0,1
BRDA:7,0,1,1
BRF:2
BRH:2
end_of_record
TN:
SF:src/mocks/file-mock.cjs
FNF:0
FNH:0
DA:1,6
LF:1
LH:1
BRF:0
BRH:0
end_of_record
